
"make image" needs root privilege

(cd obj.i386.natbox;bmake MODEL=natbox  KERNEL_CONF=FDGW  BIOSBOOT=bootxx_ffsv1  OPSYS=NetBSD  SH=/bin/sh	 UTILS_DIR=utils  TOOL_DIR=/usr/tools image )

image 1. make ramdisk-small.fs for natbox model

/usr/tools/bin/nbmake-i386 -f Makefile.ramdisk MOUNT_POINT=/home/uki/src/fdgw2/obj.i386.natbox/mnt  TOP=`pwd`/NetBSD/distrib/i386/liveimage  _SYS_DIR=/usr/src/sys  _CONF_DIR=conf/  BSDSRCDIR=`pwd`/NetBSD  CURDIR=/home/uki/src/fdgw2/obj.i386.natbox _ETC_DIR=conf/etc  MODEL=natbox ARCH=i386  INO_BYTES=40960  RAMDISK_S=ramdisk-small.fs  BIOSBOOT=bootxx_ffsv1  TOOL_DIR=/usr/tools image
rm -f ramdisk-small.fs.tmp
test -d /home/uki/src/fdgw2/obj.i386.natbox/work_ramdisk || mkdir -p /home/uki/src/fdgw2/obj.i386.natbox/work_ramdisk
[: eq: unexpected operator
/usr/tools/bin/nbmtree -def /home/uki/src/fdgw2/obj.i386.natbox/mtree.conf -p /home/uki/src/fdgw2/obj.i386.natbox/work_ramdisk/ -U
.:      user (0, 1003, not modified: Operation not permitted)
	gid (0, 100, modified)
./bin missing (created)
./bin: user/group/mode not modified: Operation not permitted
./bin: warning: file mode not set
./dev missing (created)
./dev: user/group/mode not modified: Operation not permitted
./dev: warning: file mode not set
./dist missing (created)
./dist: user/group/mode not modified: Operation not permitted
./dist: warning: file mode not set
./etc missing (created)
./etc: user/group/mode not modified: Operation not permitted
./etc: warning: file mode not set
./mnt missing (created)
./mnt: user/group/mode not modified: Operation not permitted
./mnt: warning: file mode not set
./mnt2 missing (created)
./mnt2: user/group/mode not modified: Operation not permitted
./mnt2: warning: file mode not set
./kern missing (created)
./kern: user/group/mode not modified: Operation not permitted
./kern: warning: file mode not set
./sbin missing (created)
./sbin: user/group/mode not modified: Operation not permitted
./sbin: warning: file mode not set
./tmp missing (created)
./tmp: user/group/mode not modified: Operation not permitted
./tmp: warning: file mode not set
./usr missing (created)
./usr/bin missing (created)
./usr/bin: user/group/mode not modified: Operation not permitted
./usr/bin: warning: file mode not set
./usr/mdec missing (created)
./usr/mdec: user/group/mode not modified: Operation not permitted
./usr/mdec: warning: file mode not set
./usr/sbin missing (created)
./usr/sbin: user/group/mode not modified: Operation not permitted
./usr/sbin: warning: file mode not set
./usr/share missing (created)
./usr/share/misc missing (created)
./usr/share/misc: user/group/mode not modified: Operation not permitted
./usr/share/misc: warning: file mode not set
./usr/share: user/group/mode not modified: Operation not permitted
./usr/share: warning: file mode not set
./usr: user/group/mode not modified: Operation not permitted
./usr: warning: file mode not set
./var missing (created)
./var/db missing (created)
./var/db: user/group/mode not modified: Operation not permitted
./var/db: warning: file mode not set
./var/run missing (created)
./var/run: user/group/mode not modified: Operation not permitted
./var/run: warning: file mode not set
./var/log missing (created)
./var/log: user/group/mode not modified: Operation not permitted
./var/log: warning: file mode not set
./var: user/group/mode not modified: Operation not permitted
./var: warning: file mode not set
TOPDIR=/home/uki/src/fdgw2/obj.i386.natbox/NetBSD/distrib/i386/liveimage CURDIR=/home/uki/src/fdgw2/obj.i386.natbox OBJDIR=/home/uki/src/fdgw2/obj.i386.natbox WORK_RAM=/home/uki/src/fdgw2/obj.i386.natbox/work_ramdisk TOOL_DIR=/usr/tools  BSDSRCDIR=/home/uki/src/fdgw2/obj.i386.natbox/NetBSD TARGDIR=/home/uki/src/fdgw2/obj.i386.natbox/work_ramdisk sh /home/uki/src/fdgw2/obj.i386.natbox/runlist.sh /home/uki/src/fdgw2/obj.i386.natbox/list
COPY	${OBJDIR}/ramdiskbin		ramdiskbin
LINK	ramdiskbin		bin/cat
LINK	ramdiskbin		bin/cp
LINK	ramdiskbin		bin/ln
LINK	ramdiskbin		bin/mv
LINK	ramdiskbin		bin/sh
LINK	ramdiskbin		bin/stty
LINK	ramdiskbin		bin/mkdir
LINK	ramdiskbin		bin/rm
LINK	ramdiskbin		bin/test
LINK	ramdiskbin		bin/[
LINK	ramdiskbin		bin/hostname
LINK	ramdiskbin		bin/echo
LINK	ramdiskbin		bin/date
LINK	ramdiskbin		sbin/halt
LINK	ramdiskbin		sbin/ifconfig
LINK	ramdiskbin		sbin/init
LINK	ramdiskbin		sbin/kernfs
LINK	ramdiskbin		sbin/mount
LINK	ramdiskbin		sbin/mount_ffs
LINK	ramdiskbin		sbin/mount_kernfs
LINK	ramdiskbin		sbin/ping
LINK	ramdiskbin		sbin/reboot
LINK	ramdiskbin		sbin/umount
LINK	ramdiskbin		sbin/sysctl
LINK	ramdiskbin		sbin/pfctl
SYMLINK	/bin/cat		usr/bin/more
SYMLINK	/bin/cat		usr/bin/sed
SYMLINK /bin/cat		usr/bin/touch
SPECIAL	/bin/rm ramdiskbin
COPY	${CURDIR}/utils/x_grep/grep.sh	usr/bin/grep
COPY	${TOP}/../../../etc/group			etc/group
COPY	${TOP}/../../../etc/master.passwd	etc/master.passwd
COPY	${TOP}/../../../etc/protocols	etc/protocols
COPY	${TOP}/../../../etc/netconfig	etc/netconfig
SPECIAL	${TOOL_DIR}/bin/nbpwd_mkdb -p -d ./ etc/master.passwd
SPECIAL /bin/rm etc/spwd.db
COPY	${TOP}/../../../etc/MAKEDEV.awk 				dev/MAKEDEV.awk
COPY	${TOP}/../../../etc/MAKEDEV.tmpl				dev/MAKEDEV.tmpl
SPECIAL cd dev; NETBSDSRCDIR=/usr/src MACHINE=i386 MACHINE_ARCH=i386 awk -f MAKEDEV.awk MAKEDEV.tmpl > MAKEDEV
SPECIAL	cd dev; sh MAKEDEV -m ${TOOL_DIR}/bin/nbmknod ramdisk
nbmknod: console: Operation not permitted
nbmknod: constty: Operation not permitted
nbmknod: drum: Operation not permitted
nbmknod: kmem: Operation not permitted
nbmknod: mem: Operation not permitted
nbmknod: null: Operation not permitted
nbmknod: zero: Operation not permitted
nbmknod: klog: Operation not permitted
nbmknod: ksyms: Operation not permitted
nbmknod: tty: Operation not permitted
nbmknod: stdin: Operation not permitted
nbmknod: stdout: Operation not permitted
nbmknod: stderr: Operation not permitted
nbmknod: bpf: Operation not permitted
nbmknod: wt0: Operation not permitted
nbmknod: nwt0: Operation not permitted
nbmknod: rwt0: Operation not permitted
nbmknod: nrwt0: Operation not permitted
nbmknod: wt8: Operation not permitted
nbmknod: nwt8: Operation not permitted
nbmknod: rwt8: Operation not permitted
nbmknod: nrwt8: Operation not permitted
nbmknod: wt16: Operation not permitted
nbmknod: nwt16: Operation not permitted
nbmknod: rwt16: Operation not permitted
nbmknod: nrwt16: Operation not permitted
nbmknod: fd0a: Operation not permitted
nbmknod: fd0b: Operation not permitted
nbmknod: fd0c: Operation not permitted
nbmknod: fd0d: Operation not permitted
nbmknod: fd0e: Operation not permitted
nbmknod: fd0f: Operation not permitted
nbmknod: fd0g: Operation not permitted
nbmknod: fd0h: Operation not permitted
nbmknod: fd0i: Operation not permitted
nbmknod: fd0j: Operation not permitted
nbmknod: fd0k: Operation not permitted
nbmknod: fd0l: Operation not permitted
nbmknod: fd0m: Operation not permitted
nbmknod: fd0n: Operation not permitted
nbmknod: fd0o: Operation not permitted
nbmknod: fd0p: Operation not permitted
nbmknod: rfd0a: Operation not permitted
nbmknod: rfd0b: Operation not permitted
nbmknod: rfd0c: Operation not permitted
nbmknod: rfd0d: Operation not permitted
nbmknod: rfd0e: Operation not permitted
nbmknod: rfd0f: Operation not permitted
nbmknod: rfd0g: Operation not permitted
nbmknod: rfd0h: Operation not permitted
nbmknod: rfd0i: Operation not permitted
nbmknod: rfd0j: Operation not permitted
nbmknod: rfd0k: Operation not permitted
nbmknod: rfd0l: Operation not permitted
nbmknod: rfd0m: Operation not permitted
nbmknod: rfd0n: Operation not permitted
nbmknod: rfd0o: Operation not permitted
nbmknod: rfd0p: Operation not permitted
nbmknod: fd1a: Operation not permitted
nbmknod: fd1b: Operation not permitted
nbmknod: fd1c: Operation not permitted
nbmknod: fd1d: Operation not permitted
nbmknod: fd1e: Operation not permitted
nbmknod: fd1f: Operation not permitted
nbmknod: fd1g: Operation not permitted
nbmknod: fd1h: Operation not permitted
nbmknod: fd1i: Operation not permitted
nbmknod: fd1j: Operation not permitted
nbmknod: fd1k: Operation not permitted
nbmknod: fd1l: Operation not permitted
nbmknod: fd1m: Operation not permitted
nbmknod: fd1n: Operation not permitted
nbmknod: fd1o: Operation not permitted
nbmknod: fd1p: Operation not permitted
nbmknod: rfd1a: Operation not permitted
nbmknod: rfd1b: Operation not permitted
nbmknod: rfd1c: Operation not permitted
nbmknod: rfd1d: Operation not permitted
nbmknod: rfd1e: Operation not permitted
nbmknod: rfd1f: Operation not permitted
nbmknod: rfd1g: Operation not permitted
nbmknod: rfd1h: Operation not permitted
nbmknod: rfd1i: Operation not permitted
nbmknod: rfd1j: Operation not permitted
nbmknod: rfd1k: Operation not permitted
nbmknod: rfd1l: Operation not permitted
nbmknod: rfd1m: Operation not permitted
nbmknod: rfd1n: Operation not permitted
nbmknod: rfd1o: Operation not permitted
nbmknod: rfd1p: Operation not permitted
nbmknod: wd0a: Operation not permitted
nbmknod: wd0b: Operation not permitted
nbmknod: wd0c: Operation not permitted
nbmknod: wd0d: Operation not permitted
nbmknod: wd0e: Operation not permitted
nbmknod: wd0f: Operation not permitted
nbmknod: wd0g: Operation not permitted
nbmknod: wd0h: Operation not permitted
nbmknod: wd0i: Operation not permitted
nbmknod: wd0j: Operation not permitted
nbmknod: wd0k: Operation not permitted
nbmknod: wd0l: Operation not permitted
nbmknod: wd0m: Operation not permitted
nbmknod: wd0n: Operation not permitted
nbmknod: wd0o: Operation not permitted
nbmknod: wd0p: Operation not permitted
nbmknod: rwd0a: Operation not permitted
nbmknod: rwd0b: Operation not permitted
nbmknod: rwd0c: Operation not permitted
nbmknod: rwd0d: Operation not permitted
nbmknod: rwd0e: Operation not permitted
nbmknod: rwd0f: Operation not permitted
nbmknod: rwd0g: Operation not permitted
nbmknod: rwd0h: Operation not permitted
nbmknod: rwd0i: Operation not permitted
nbmknod: rwd0j: Operation not permitted
nbmknod: rwd0k: Operation not permitted
nbmknod: rwd0l: Operation not permitted
nbmknod: rwd0m: Operation not permitted
nbmknod: rwd0n: Operation not permitted
nbmknod: rwd0o: Operation not permitted
nbmknod: rwd0p: Operation not permitted
nbmknod: wd1a: Operation not permitted
nbmknod: wd1b: Operation not permitted
nbmknod: wd1c: Operation not permitted
nbmknod: wd1d: Operation not permitted
nbmknod: wd1e: Operation not permitted
nbmknod: wd1f: Operation not permitted
nbmknod: wd1g: Operation not permitted
nbmknod: wd1h: Operation not permitted
nbmknod: wd1i: Operation not permitted
nbmknod: wd1j: Operation not permitted
nbmknod: wd1k: Operation not permitted
nbmknod: wd1l: Operation not permitted
nbmknod: wd1m: Operation not permitted
nbmknod: wd1n: Operation not permitted
nbmknod: wd1o: Operation not permitted
nbmknod: wd1p: Operation not permitted
nbmknod: rwd1a: Operation not permitted
nbmknod: rwd1b: Operation not permitted
nbmknod: rwd1c: Operation not permitted
nbmknod: rwd1d: Operation not permitted
nbmknod: rwd1e: Operation not permitted
nbmknod: rwd1f: Operation not permitted
nbmknod: rwd1g: Operation not permitted
nbmknod: rwd1h: Operation not permitted
nbmknod: rwd1i: Operation not permitted
nbmknod: rwd1j: Operation not permitted
nbmknod: rwd1k: Operation not permitted
nbmknod: rwd1l: Operation not permitted
nbmknod: rwd1m: Operation not permitted
nbmknod: rwd1n: Operation not permitted
nbmknod: rwd1o: Operation not permitted
nbmknod: rwd1p: Operation not permitted
nbmknod: wd2a: Operation not permitted
nbmknod: wd2b: Operation not permitted
nbmknod: wd2c: Operation not permitted
nbmknod: wd2d: Operation not permitted
nbmknod: wd2e: Operation not permitted
nbmknod: wd2f: Operation not permitted
nbmknod: wd2g: Operation not permitted
nbmknod: wd2h: Operation not permitted
nbmknod: wd2i: Operation not permitted
nbmknod: wd2j: Operation not permitted
nbmknod: wd2k: Operation not permitted
nbmknod: wd2l: Operation not permitted
nbmknod: wd2m: Operation not permitted
nbmknod: wd2n: Operation not permitted
nbmknod: wd2o: Operation not permitted
nbmknod: wd2p: Operation not permitted
nbmknod: rwd2a: Operation not permitted
nbmknod: rwd2b: Operation not permitted
nbmknod: rwd2c: Operation not permitted
nbmknod: rwd2d: Operation not permitted
nbmknod: rwd2e: Operation not permitted
nbmknod: rwd2f: Operation not permitted
nbmknod: rwd2g: Operation not permitted
nbmknod: rwd2h: Operation not permitted
nbmknod: rwd2i: Operation not permitted
nbmknod: rwd2j: Operation not permitted
nbmknod: rwd2k: Operation not permitted
nbmknod: rwd2l: Operation not permitted
nbmknod: rwd2m: Operation not permitted
nbmknod: rwd2n: Operation not permitted
nbmknod: rwd2o: Operation not permitted
nbmknod: rwd2p: Operation not permitted
nbmknod: wd3a: Operation not permitted
nbmknod: wd3b: Operation not permitted
nbmknod: wd3c: Operation not permitted
nbmknod: wd3d: Operation not permitted
nbmknod: wd3e: Operation not permitted
nbmknod: wd3f: Operation not permitted
nbmknod: wd3g: Operation not permitted
nbmknod: wd3h: Operation not permitted
nbmknod: wd3i: Operation not permitted
nbmknod: wd3j: Operation not permitted
nbmknod: wd3k: Operation not permitted
nbmknod: wd3l: Operation not permitted
nbmknod: wd3m: Operation not permitted
nbmknod: wd3n: Operation not permitted
nbmknod: wd3o: Operation not permitted
nbmknod: wd3p: Operation not permitted
nbmknod: rwd3a: Operation not permitted
nbmknod: rwd3b: Operation not permitted
nbmknod: rwd3c: Operation not permitted
nbmknod: rwd3d: Operation not permitted
nbmknod: rwd3e: Operation not permitted
nbmknod: rwd3f: Operation not permitted
nbmknod: rwd3g: Operation not permitted
nbmknod: rwd3h: Operation not permitted
nbmknod: rwd3i: Operation not permitted
nbmknod: rwd3j: Operation not permitted
nbmknod: rwd3k: Operation not permitted
nbmknod: rwd3l: Operation not permitted
nbmknod: rwd3m: Operation not permitted
nbmknod: rwd3n: Operation not permitted
nbmknod: rwd3o: Operation not permitted
nbmknod: rwd3p: Operation not permitted
nbmknod: sd0a: Operation not permitted
nbmknod: sd0b: Operation not permitted
nbmknod: sd0c: Operation not permitted
nbmknod: sd0d: Operation not permitted
nbmknod: sd0e: Operation not permitted
nbmknod: sd0f: Operation not permitted
nbmknod: sd0g: Operation not permitted
nbmknod: sd0h: Operation not permitted
nbmknod: sd0i: Operation not permitted
nbmknod: sd0j: Operation not permitted
nbmknod: sd0k: Operation not permitted
nbmknod: sd0l: Operation not permitted
nbmknod: sd0m: Operation not permitted
nbmknod: sd0n: Operation not permitted
nbmknod: sd0o: Operation not permitted
nbmknod: sd0p: Operation not permitted
nbmknod: rsd0a: Operation not permitted
nbmknod: rsd0b: Operation not permitted
nbmknod: rsd0c: Operation not permitted
nbmknod: rsd0d: Operation not permitted
nbmknod: rsd0e: Operation not permitted
nbmknod: rsd0f: Operation not permitted
nbmknod: rsd0g: Operation not permitted
nbmknod: rsd0h: Operation not permitted
nbmknod: rsd0i: Operation not permitted
nbmknod: rsd0j: Operation not permitted
nbmknod: rsd0k: Operation not permitted
nbmknod: rsd0l: Operation not permitted
nbmknod: rsd0m: Operation not permitted
nbmknod: rsd0n: Operation not permitted
nbmknod: rsd0o: Operation not permitted
nbmknod: rsd0p: Operation not permitted
nbmknod: sd1a: Operation not permitted
nbmknod: sd1b: Operation not permitted
nbmknod: sd1c: Operation not permitted
nbmknod: sd1d: Operation not permitted
nbmknod: sd1e: Operation not permitted
nbmknod: sd1f: Operation not permitted
nbmknod: sd1g: Operation not permitted
nbmknod: sd1h: Operation not permitted
nbmknod: sd1i: Operation not permitted
nbmknod: sd1j: Operation not permitted
nbmknod: sd1k: Operation not permitted
nbmknod: sd1l: Operation not permitted
nbmknod: sd1m: Operation not permitted
nbmknod: sd1n: Operation not permitted
nbmknod: sd1o: Operation not permitted
nbmknod: sd1p: Operation not permitted
nbmknod: rsd1a: Operation not permitted
nbmknod: rsd1b: Operation not permitted
nbmknod: rsd1c: Operation not permitted
nbmknod: rsd1d: Operation not permitted
nbmknod: rsd1e: Operation not permitted
nbmknod: rsd1f: Operation not permitted
nbmknod: rsd1g: Operation not permitted
nbmknod: rsd1h: Operation not permitted
nbmknod: rsd1i: Operation not permitted
nbmknod: rsd1j: Operation not permitted
nbmknod: rsd1k: Operation not permitted
nbmknod: rsd1l: Operation not permitted
nbmknod: rsd1m: Operation not permitted
nbmknod: rsd1n: Operation not permitted
nbmknod: rsd1o: Operation not permitted
nbmknod: rsd1p: Operation not permitted
nbmknod: sd2a: Operation not permitted
nbmknod: sd2b: Operation not permitted
nbmknod: sd2c: Operation not permitted
nbmknod: sd2d: Operation not permitted
nbmknod: sd2e: Operation not permitted
nbmknod: sd2f: Operation not permitted
nbmknod: sd2g: Operation not permitted
nbmknod: sd2h: Operation not permitted
nbmknod: sd2i: Operation not permitted
nbmknod: sd2j: Operation not permitted
nbmknod: sd2k: Operation not permitted
nbmknod: sd2l: Operation not permitted
nbmknod: sd2m: Operation not permitted
nbmknod: sd2n: Operation not permitted
nbmknod: sd2o: Operation not permitted
nbmknod: sd2p: Operation not permitted
nbmknod: rsd2a: Operation not permitted
nbmknod: rsd2b: Operation not permitted
nbmknod: rsd2c: Operation not permitted
nbmknod: rsd2d: Operation not permitted
nbmknod: rsd2e: Operation not permitted
nbmknod: rsd2f: Operation not permitted
nbmknod: rsd2g: Operation not permitted
nbmknod: rsd2h: Operation not permitted
nbmknod: rsd2i: Operation not permitted
nbmknod: rsd2j: Operation not permitted
nbmknod: rsd2k: Operation not permitted
nbmknod: rsd2l: Operation not permitted
nbmknod: rsd2m: Operation not permitted
nbmknod: rsd2n: Operation not permitted
nbmknod: rsd2o: Operation not permitted
nbmknod: rsd2p: Operation not permitted
nbmknod: sd3a: Operation not permitted
nbmknod: sd3b: Operation not permitted
nbmknod: sd3c: Operation not permitted
nbmknod: sd3d: Operation not permitted
nbmknod: sd3e: Operation not permitted
nbmknod: sd3f: Operation not permitted
nbmknod: sd3g: Operation not permitted
nbmknod: sd3h: Operation not permitted
nbmknod: sd3i: Operation not permitted
nbmknod: sd3j: Operation not permitted
nbmknod: sd3k: Operation not permitted
nbmknod: sd3l: Operation not permitted
nbmknod: sd3m: Operation not permitted
nbmknod: sd3n: Operation not permitted
nbmknod: sd3o: Operation not permitted
nbmknod: sd3p: Operation not permitted
nbmknod: rsd3a: Operation not permitted
nbmknod: rsd3b: Operation not permitted
nbmknod: rsd3c: Operation not permitted
nbmknod: rsd3d: Operation not permitted
nbmknod: rsd3e: Operation not permitted
nbmknod: rsd3f: Operation not permitted
nbmknod: rsd3g: Operation not permitted
nbmknod: rsd3h: Operation not permitted
nbmknod: rsd3i: Operation not permitted
nbmknod: rsd3j: Operation not permitted
nbmknod: rsd3k: Operation not permitted
nbmknod: rsd3l: Operation not permitted
nbmknod: rsd3m: Operation not permitted
nbmknod: rsd3n: Operation not permitted
nbmknod: rsd3o: Operation not permitted
nbmknod: rsd3p: Operation not permitted
nbmknod: sd4a: Operation not permitted
nbmknod: sd4b: Operation not permitted
nbmknod: sd4c: Operation not permitted
nbmknod: sd4d: Operation not permitted
nbmknod: sd4e: Operation not permitted
nbmknod: sd4f: Operation not permitted
nbmknod: sd4g: Operation not permitted
nbmknod: sd4h: Operation not permitted
nbmknod: sd4i: Operation not permitted
nbmknod: sd4j: Operation not permitted
nbmknod: sd4k: Operation not permitted
nbmknod: sd4l: Operation not permitted
nbmknod: sd4m: Operation not permitted
nbmknod: sd4n: Operation not permitted
nbmknod: sd4o: Operation not permitted
nbmknod: sd4p: Operation not permitted
nbmknod: rsd4a: Operation not permitted
nbmknod: rsd4b: Operation not permitted
nbmknod: rsd4c: Operation not permitted
nbmknod: rsd4d: Operation not permitted
nbmknod: rsd4e: Operation not permitted
nbmknod: rsd4f: Operation not permitted
nbmknod: rsd4g: Operation not permitted
nbmknod: rsd4h: Operation not permitted
nbmknod: rsd4i: Operation not permitted
nbmknod: rsd4j: Operation not permitted
nbmknod: rsd4k: Operation not permitted
nbmknod: rsd4l: Operation not permitted
nbmknod: rsd4m: Operation not permitted
nbmknod: rsd4n: Operation not permitted
nbmknod: rsd4o: Operation not permitted
nbmknod: rsd4p: Operation not permitted
nbmknod: st0: Operation not permitted
nbmknod: nst0: Operation not permitted
nbmknod: est0: Operation not permitted
nbmknod: enst0: Operation not permitted
nbmknod: rst0: Operation not permitted
nbmknod: nrst0: Operation not permitted
nbmknod: erst0: Operation not permitted
nbmknod: enrst0: Operation not permitted
nbmknod: st1: Operation not permitted
nbmknod: nst1: Operation not permitted
nbmknod: est1: Operation not permitted
nbmknod: enst1: Operation not permitted
nbmknod: rst1: Operation not permitted
nbmknod: nrst1: Operation not permitted
nbmknod: erst1: Operation not permitted
nbmknod: enrst1: Operation not permitted
nbmknod: tty00: Operation not permitted
nbmknod: dty00: Operation not permitted
nbmknod: tty01: Operation not permitted
nbmknod: dty01: Operation not permitted
nbmknod: tty02: Operation not permitted
nbmknod: dty02: Operation not permitted
nbmknod: cd0a: Operation not permitted
nbmknod: cd0d: Operation not permitted
nbmknod: rcd0a: Operation not permitted
nbmknod: rcd0d: Operation not permitted
nbmknod: cd1a: Operation not permitted
nbmknod: cd1d: Operation not permitted
nbmknod: rcd1a: Operation not permitted
nbmknod: rcd1d: Operation not permitted
nbmknod: mcd0a: Operation not permitted
nbmknod: mcd0d: Operation not permitted
nbmknod: rmcd0a: Operation not permitted
nbmknod: rmcd0d: Operation not permitted
nbmknod: ttyv0: Operation not permitted
nbmknod: ttyp0: Operation not permitted
nbmknod: ptyp0: Operation not permitted
nbmknod: ttyp1: Operation not permitted
nbmknod: ptyp1: Operation not permitted
nbmknod: ttyp2: Operation not permitted
nbmknod: ptyp2: Operation not permitted
nbmknod: ttyp3: Operation not permitted
nbmknod: ptyp3: Operation not permitted
nbmknod: ttyp4: Operation not permitted
nbmknod: ptyp4: Operation not permitted
nbmknod: ttyp5: Operation not permitted
nbmknod: ptyp5: Operation not permitted
nbmknod: ttyp6: Operation not permitted
nbmknod: ptyp6: Operation not permitted
nbmknod: ttyp7: Operation not permitted
nbmknod: ptyp7: Operation not permitted
nbmknod: ttyp8: Operation not permitted
nbmknod: ptyp8: Operation not permitted
nbmknod: ttyp9: Operation not permitted
nbmknod: ptyp9: Operation not permitted
nbmknod: ttypa: Operation not permitted
nbmknod: ptypa: Operation not permitted
nbmknod: ttypb: Operation not permitted
nbmknod: ptypb: Operation not permitted
nbmknod: ttypc: Operation not permitted
nbmknod: ptypc: Operation not permitted
nbmknod: ttypd: Operation not permitted
nbmknod: ptypd: Operation not permitted
nbmknod: ttype: Operation not permitted
nbmknod: ptype: Operation not permitted
